13-Mar-2022 17:42:51.654 INFO [main] org.apache.catalina.startup.VersionLoggerListener.log Server version name:   Apache Tomcat/9.0.59
13-Mar-2022 17:42:51.671 INFO [main] org.apache.catalina.startup.VersionLoggerListener.log Server built:          Feb 21 2022 21:01:10 UTC
13-Mar-2022 17:42:51.671 INFO [main] org.apache.catalina.startup.VersionLoggerListener.log Server version number: 9.0.59.0
13-Mar-2022 17:42:51.671 INFO [main] org.apache.catalina.startup.VersionLoggerListener.log OS Name:               Linux
13-Mar-2022 17:42:51.672 INFO [main] org.apache.catalina.startup.VersionLoggerListener.log OS Version:            4.18.0-305.el8.x86_64
13-Mar-2022 17:42:51.672 INFO [main] org.apache.catalina.startup.VersionLoggerListener.log Architecture:          amd64
13-Mar-2022 17:42:51.672 INFO [main] org.apache.catalina.startup.VersionLoggerListener.log Java Home:             /usr/lib/jvm/java-1.8.0-openjdk-1.8.0.322.b06-2.el8_5.x86_64/jre
13-Mar-2022 17:42:51.672 INFO [main] org.apache.catalina.startup.VersionLoggerListener.log JVM Version:           1.8.0_322-b06
13-Mar-2022 17:42:51.672 INFO [main] org.apache.catalina.startup.VersionLoggerListener.log JVM Vendor:            Red Hat, Inc.
13-Mar-2022 17:42:51.672 INFO [main] org.apache.catalina.startup.VersionLoggerListener.log CATALINA_BASE:         /home/ec2-user/apache-tomcat-9.0.59
13-Mar-2022 17:42:51.672 INFO [main] org.apache.catalina.startup.VersionLoggerListener.log CATALINA_HOME:         /home/ec2-user/apache-tomcat-9.0.59
13-Mar-2022 17:42:51.707 INFO [main] org.apache.catalina.startup.VersionLoggerListener.log Command line argument: -Djava.util.logging.config.file=/home/ec2-user/apache-tomcat-9.0.59/conf/logging.properties
13-Mar-2022 17:42:51.707 INFO [main] org.apache.catalina.startup.VersionLoggerListener.log Command line argument: -Djava.util.logging.manager=org.apache.juli.ClassLoaderLogManager
13-Mar-2022 17:42:51.707 INFO [main] org.apache.catalina.startup.VersionLoggerListener.log Command line argument: -Djdk.tls.ephemeralDHKeySize=2048
13-Mar-2022 17:42:51.707 INFO [main] org.apache.catalina.startup.VersionLoggerListener.log Command line argument: -Djava.protocol.handler.pkgs=org.apache.catalina.webresources
13-Mar-2022 17:42:51.707 INFO [main] org.apache.catalina.startup.VersionLoggerListener.log Command line argument: -Dorg.apache.catalina.security.SecurityListener.UMASK=0027
13-Mar-2022 17:42:51.707 INFO [main] org.apache.catalina.startup.VersionLoggerListener.log Command line argument: -Dignore.endorsed.dirs=
13-Mar-2022 17:42:51.707 INFO [main] org.apache.catalina.startup.VersionLoggerListener.log Command line argument: -Dcatalina.base=/home/ec2-user/apache-tomcat-9.0.59
13-Mar-2022 17:42:51.707 INFO [main] org.apache.catalina.startup.VersionLoggerListener.log Command line argument: -Dcatalina.home=/home/ec2-user/apache-tomcat-9.0.59
13-Mar-2022 17:42:51.708 INFO [main] org.apache.catalina.startup.VersionLoggerListener.log Command line argument: -Djava.io.tmpdir=/home/ec2-user/apache-tomcat-9.0.59/temp
13-Mar-2022 17:42:51.709 INFO [main] org.apache.catalina.core.AprLifecycleListener.lifecycleEvent The Apache Tomcat Native library which allows using OpenSSL was not found on the java.library.path: [/usr/java/packages/lib/amd64:/usr/lib64:/lib64:/lib:/usr/lib]
13-Mar-2022 17:42:52.439 INFO [main] org.apache.coyote.AbstractProtocol.init Initializing ProtocolHandler ["http-nio-8090"]
13-Mar-2022 17:42:52.484 INFO [main] org.apache.catalina.startup.Catalina.load Server initialization in [1182] milliseconds
13-Mar-2022 17:42:52.554 INFO [main] org.apache.catalina.core.StandardService.startInternal Starting service [Catalina]
13-Mar-2022 17:42:52.554 INFO [main] org.apache.catalina.core.StandardEngine.startInternal Starting Servlet engine: [Apache Tomcat/9.0.59]
13-Mar-2022 17:42:52.574 INFO [main] org.apache.catalina.startup.HostConfig.deployDirectory Deploying web application directory [/home/ec2-user/apache-tomcat-9.0.59/webapps/ROOT]
13-Mar-2022 17:49:21.138 INFO [main] org.apache.catalina.startup.VersionLoggerListener.log Server version name:   Apache Tomcat/9.0.59
13-Mar-2022 17:49:21.151 INFO [main] org.apache.catalina.startup.VersionLoggerListener.log Server built:          Feb 21 2022 21:01:10 UTC
13-Mar-2022 17:49:21.151 INFO [main] org.apache.catalina.startup.VersionLoggerListener.log Server version number: 9.0.59.0
13-Mar-2022 17:49:21.151 INFO [main] org.apache.catalina.startup.VersionLoggerListener.log OS Name:               Linux
13-Mar-2022 17:49:21.151 INFO [main] org.apache.catalina.startup.VersionLoggerListener.log OS Version:            4.18.0-305.el8.x86_64
13-Mar-2022 17:49:21.151 INFO [main] org.apache.catalina.startup.VersionLoggerListener.log Architecture:          amd64
13-Mar-2022 17:49:21.151 INFO [main] org.apache.catalina.startup.VersionLoggerListener.log Java Home:             /usr/lib/jvm/java-1.8.0-openjdk-1.8.0.322.b06-2.el8_5.x86_64/jre
13-Mar-2022 17:49:21.151 INFO [main] org.apache.catalina.startup.VersionLoggerListener.log JVM Version:           1.8.0_322-b06
13-Mar-2022 17:49:21.151 INFO [main] org.apache.catalina.startup.VersionLoggerListener.log JVM Vendor:            Red Hat, Inc.
13-Mar-2022 17:49:21.152 INFO [main] org.apache.catalina.startup.VersionLoggerListener.log CATALINA_BASE:         /home/ec2-user/apache-tomcat-9.0.59
13-Mar-2022 17:49:21.152 INFO [main] org.apache.catalina.startup.VersionLoggerListener.log CATALINA_HOME:         /home/ec2-user/apache-tomcat-9.0.59
13-Mar-2022 17:49:21.167 INFO [main] org.apache.catalina.startup.VersionLoggerListener.log Command line argument: -Djava.util.logging.config.file=/home/ec2-user/apache-tomcat-9.0.59/conf/logging.properties
13-Mar-2022 17:49:21.167 INFO [main] org.apache.catalina.startup.VersionLoggerListener.log Command line argument: -Djava.util.logging.manager=org.apache.juli.ClassLoaderLogManager
13-Mar-2022 17:49:21.167 INFO [main] org.apache.catalina.startup.VersionLoggerListener.log Command line argument: -Djdk.tls.ephemeralDHKeySize=2048
13-Mar-2022 17:49:21.167 INFO [main] org.apache.catalina.startup.VersionLoggerListener.log Command line argument: -Djava.protocol.handler.pkgs=org.apache.catalina.webresources
13-Mar-2022 17:49:21.167 INFO [main] org.apache.catalina.startup.VersionLoggerListener.log Command line argument: -Dorg.apache.catalina.security.SecurityListener.UMASK=0027
13-Mar-2022 17:49:21.168 INFO [main] org.apache.catalina.startup.VersionLoggerListener.log Command line argument: -Dignore.endorsed.dirs=
13-Mar-2022 17:49:21.168 INFO [main] org.apache.catalina.startup.VersionLoggerListener.log Command line argument: -Dcatalina.base=/home/ec2-user/apache-tomcat-9.0.59
13-Mar-2022 17:49:21.168 INFO [main] org.apache.catalina.startup.VersionLoggerListener.log Command line argument: -Dcatalina.home=/home/ec2-user/apache-tomcat-9.0.59
13-Mar-2022 17:49:21.168 INFO [main] org.apache.catalina.startup.VersionLoggerListener.log Command line argument: -Djava.io.tmpdir=/home/ec2-user/apache-tomcat-9.0.59/temp
13-Mar-2022 17:49:21.171 INFO [main] org.apache.catalina.core.AprLifecycleListener.lifecycleEvent The Apache Tomcat Native library which allows using OpenSSL was not found on the java.library.path: [/usr/java/packages/lib/amd64:/usr/lib64:/lib64:/lib:/usr/lib]
13-Mar-2022 17:49:21.991 INFO [main] org.apache.coyote.AbstractProtocol.init Initializing ProtocolHandler ["http-nio-8090"]
13-Mar-2022 17:49:22.053 INFO [main] org.apache.catalina.startup.Catalina.load Server initialization in [1282] milliseconds
13-Mar-2022 17:49:22.124 INFO [main] org.apache.catalina.core.StandardService.startInternal Starting service [Catalina]
13-Mar-2022 17:49:22.124 INFO [main] org.apache.catalina.core.StandardEngine.startInternal Starting Servlet engine: [Apache Tomcat/9.0.59]
13-Mar-2022 17:49:22.132 INFO [main] org.apache.catalina.startup.HostConfig.deployDirectory Deploying web application directory [/home/ec2-user/apache-tomcat-9.0.59/webapps/ROOT]
13-Mar-2022 17:49:22.692 INFO [main] org.apache.catalina.startup.HostConfig.deployDirectory Deployment of web application directory [/home/ec2-user/apache-tomcat-9.0.59/webapps/ROOT] has finished in [559] ms
13-Mar-2022 17:49:22.692 INFO [main] org.apache.catalina.startup.HostConfig.deployDirectory Deploying web application directory [/home/ec2-user/apache-tomcat-9.0.59/webapps/docs]
13-Mar-2022 17:49:22.731 INFO [main] org.apache.catalina.startup.HostConfig.deployDirectory Deployment of web application directory [/home/ec2-user/apache-tomcat-9.0.59/webapps/docs] has finished in [39] ms
13-Mar-2022 17:49:22.731 INFO [main] org.apache.catalina.startup.HostConfig.deployDirectory Deploying web application directory [/home/ec2-user/apache-tomcat-9.0.59/webapps/examples]
13-Mar-2022 17:49:23.363 INFO [main] org.apache.catalina.startup.HostConfig.deployDirectory Deployment of web application directory [/home/ec2-user/apache-tomcat-9.0.59/webapps/examples] has finished in [632] ms
13-Mar-2022 17:49:23.364 INFO [main] org.apache.catalina.startup.HostConfig.deployDirectory Deploying web application directory [/home/ec2-user/apache-tomcat-9.0.59/webapps/host-manager]
13-Mar-2022 17:49:23.395 INFO [main] org.apache.catalina.startup.HostConfig.deployDirectory Deployment of web application directory [/home/ec2-user/apache-tomcat-9.0.59/webapps/host-manager] has finished in [31] ms
13-Mar-2022 17:49:23.395 INFO [main] org.apache.catalina.startup.HostConfig.deployDirectory Deploying web application directory [/home/ec2-user/apache-tomcat-9.0.59/webapps/manager]
13-Mar-2022 17:49:23.443 INFO [main] org.apache.catalina.startup.HostConfig.deployDirectory Deployment of web application directory [/home/ec2-user/apache-tomcat-9.0.59/webapps/manager] has finished in [48] ms
13-Mar-2022 17:49:23.472 INFO [main] org.apache.coyote.AbstractProtocol.start Starting ProtocolHandler ["http-nio-8090"]
13-Mar-2022 17:49:23.495 INFO [main] org.apache.catalina.startup.Catalina.start Server startup in [1441] milliseconds
13-Mar-2022 17:59:53.552 INFO [Catalina-utility-2] org.apache.catalina.users.MemoryUserDatabase.backgroundProcess Reloading memory user database [UserDatabase] from updated source [file:/home/ec2-user/apache-tomcat-9.0.59/conf/tomcat-users.xml]
13-Mar-2022 18:00:10.803 INFO [main] org.apache.catalina.startup.VersionLoggerListener.log Server version name:   Apache Tomcat/9.0.59
13-Mar-2022 18:00:10.805 INFO [main] org.apache.catalina.startup.VersionLoggerListener.log Server built:          Feb 21 2022 21:01:10 UTC
13-Mar-2022 18:00:10.805 INFO [main] org.apache.catalina.startup.VersionLoggerListener.log Server version number: 9.0.59.0
13-Mar-2022 18:00:10.805 INFO [main] org.apache.catalina.startup.VersionLoggerListener.log OS Name:               Linux
13-Mar-2022 18:00:10.805 INFO [main] org.apache.catalina.startup.VersionLoggerListener.log OS Version:            4.18.0-305.el8.x86_64
13-Mar-2022 18:00:10.805 INFO [main] org.apache.catalina.startup.VersionLoggerListener.log Architecture:          amd64
13-Mar-2022 18:00:10.805 INFO [main] org.apache.catalina.startup.VersionLoggerListener.log Java Home:             /usr/lib/jvm/java-1.8.0-openjdk-1.8.0.322.b06-2.el8_5.x86_64/jre
13-Mar-2022 18:00:10.805 INFO [main] org.apache.catalina.startup.VersionLoggerListener.log JVM Version:           1.8.0_322-b06
13-Mar-2022 18:00:10.806 INFO [main] org.apache.catalina.startup.VersionLoggerListener.log JVM Vendor:            Red Hat, Inc.
13-Mar-2022 18:00:10.806 INFO [main] org.apache.catalina.startup.VersionLoggerListener.log CATALINA_BASE:         /home/ec2-user/apache-tomcat-9.0.59
13-Mar-2022 18:00:10.806 INFO [main] org.apache.catalina.startup.VersionLoggerListener.log CATALINA_HOME:         /home/ec2-user/apache-tomcat-9.0.59
13-Mar-2022 18:00:10.807 INFO [main] org.apache.catalina.startup.VersionLoggerListener.log Command line argument: -Djava.util.logging.config.file=/home/ec2-user/apache-tomcat-9.0.59/conf/logging.properties
13-Mar-2022 18:00:10.808 INFO [main] org.apache.catalina.startup.VersionLoggerListener.log Command line argument: -Djava.util.logging.manager=org.apache.juli.ClassLoaderLogManager
13-Mar-2022 18:00:10.808 INFO [main] org.apache.catalina.startup.VersionLoggerListener.log Command line argument: -Djdk.tls.ephemeralDHKeySize=2048
13-Mar-2022 18:00:10.808 INFO [main] org.apache.catalina.startup.VersionLoggerListener.log Command line argument: -Djava.protocol.handler.pkgs=org.apache.catalina.webresources
13-Mar-2022 18:00:10.808 INFO [main] org.apache.catalina.startup.VersionLoggerListener.log Command line argument: -Dorg.apache.catalina.security.SecurityListener.UMASK=0027
13-Mar-2022 18:00:10.808 INFO [main] org.apache.catalina.startup.VersionLoggerListener.log Command line argument: -Dignore.endorsed.dirs=
13-Mar-2022 18:00:10.808 INFO [main] org.apache.catalina.startup.VersionLoggerListener.log Command line argument: -Dcatalina.base=/home/ec2-user/apache-tomcat-9.0.59
13-Mar-2022 18:00:10.808 INFO [main] org.apache.catalina.startup.VersionLoggerListener.log Command line argument: -Dcatalina.home=/home/ec2-user/apache-tomcat-9.0.59
13-Mar-2022 18:00:10.808 INFO [main] org.apache.catalina.startup.VersionLoggerListener.log Command line argument: -Djava.io.tmpdir=/home/ec2-user/apache-tomcat-9.0.59/temp
13-Mar-2022 18:00:10.828 INFO [main] org.apache.catalina.core.AprLifecycleListener.lifecycleEvent The Apache Tomcat Native library which allows using OpenSSL was not found on the java.library.path: [/usr/java/packages/lib/amd64:/usr/lib64:/lib64:/lib:/usr/lib]
13-Mar-2022 18:00:11.524 INFO [main] org.apache.coyote.AbstractProtocol.init Initializing ProtocolHandler ["http-nio-8090"]
13-Mar-2022 18:00:11.547 SEVERE [main] org.apache.catalina.util.LifecycleBase.handleSubClassException Failed to initialize component [Connector[HTTP/1.1-8090]]
	org.apache.catalina.LifecycleException: Protocol handler initialization failed
		at org.apache.catalina.connector.Connector.initInternal(Connector.java:1049)
		at org.apache.catalina.util.LifecycleBase.init(LifecycleBase.java:136)
		at org.apache.catalina.core.StandardService.initInternal(StandardService.java:556)
		at org.apache.catalina.util.LifecycleBase.init(LifecycleBase.java:136)
		at org.apache.catalina.core.StandardServer.initInternal(StandardServer.java:1042)
		at org.apache.catalina.util.LifecycleBase.init(LifecycleBase.java:136)
		at org.apache.catalina.startup.Catalina.load(Catalina.java:724)
		at org.apache.catalina.startup.Catalina.load(Catalina.java:746)
		at sun.reflect.NativeMethodAccessorImpl.invoke0(Native Method)
		at sun.reflect.NativeMethodAccessorImpl.invoke(NativeMethodAccessorImpl.java:62)
		at sun.reflect.DelegatingMethodAccessorImpl.invoke(DelegatingMethodAccessorImpl.java:43)
		at java.lang.reflect.Method.invoke(Method.java:498)
		at org.apache.catalina.startup.Bootstrap.load(Bootstrap.java:305)
		at org.apache.catalina.startup.Bootstrap.main(Bootstrap.java:475)
	Caused by: java.net.BindException: Address already in use
		at sun.nio.ch.Net.bind0(Native Method)
		at sun.nio.ch.Net.bind(Net.java:461)
		at sun.nio.ch.Net.bind(Net.java:453)
		at sun.nio.ch.ServerSocketChannelImpl.bind(ServerSocketChannelImpl.java:222)
		at org.apache.tomcat.util.net.NioEndpoint.initServerSocket(NioEndpoint.java:274)
		at org.apache.tomcat.util.net.NioEndpoint.bind(NioEndpoint.java:229)
		at org.apache.tomcat.util.net.AbstractEndpoint.bindWithCleanup(AbstractEndpoint.java:1227)
		at org.apache.tomcat.util.net.AbstractEndpoint.init(AbstractEndpoint.java:1240)
		at org.apache.coyote.AbstractProtocol.init(AbstractProtocol.java:603)
		at org.apache.coyote.http11.AbstractHttp11Protocol.init(AbstractHttp11Protocol.java:80)
		at org.apache.catalina.connector.Connector.initInternal(Connector.java:1046)
		... 13 more
13-Mar-2022 18:00:11.559 INFO [main] org.apache.catalina.startup.Catalina.load Server initialization in [1073] milliseconds
13-Mar-2022 18:00:11.619 INFO [main] org.apache.catalina.core.StandardService.startInternal Starting service [Catalina]
13-Mar-2022 18:00:11.619 INFO [main] org.apache.catalina.core.StandardEngine.startInternal Starting Servlet engine: [Apache Tomcat/9.0.59]
13-Mar-2022 18:00:11.646 INFO [main] org.apache.catalina.startup.HostConfig.deployDirectory Deploying web application directory [/home/ec2-user/apache-tomcat-9.0.59/webapps/ROOT]
13-Mar-2022 18:01:32.286 INFO [main] org.apache.catalina.core.StandardServer.await A valid shutdown command was received via the shutdown port. Stopping the Server instance.
13-Mar-2022 18:01:32.286 INFO [main] org.apache.coyote.AbstractProtocol.pause Pausing ProtocolHandler ["http-nio-8090"]
13-Mar-2022 18:01:32.294 INFO [main] org.apache.catalina.core.StandardService.stopInternal Stopping service [Catalina]
13-Mar-2022 18:01:32.330 INFO [main] org.apache.coyote.AbstractProtocol.stop Stopping ProtocolHandler ["http-nio-8090"]
13-Mar-2022 18:01:32.344 INFO [main] org.apache.coyote.AbstractProtocol.destroy Destroying ProtocolHandler ["http-nio-8090"]
13-Mar-2022 18:04:03.456 INFO [main] org.apache.catalina.startup.VersionLoggerListener.log Server version name:   Apache Tomcat/9.0.59
13-Mar-2022 18:04:03.458 INFO [main] org.apache.catalina.startup.VersionLoggerListener.log Server built:          Feb 21 2022 21:01:10 UTC
13-Mar-2022 18:04:03.458 INFO [main] org.apache.catalina.startup.VersionLoggerListener.log Server version number: 9.0.59.0
13-Mar-2022 18:04:03.458 INFO [main] org.apache.catalina.startup.VersionLoggerListener.log OS Name:               Linux
13-Mar-2022 18:04:03.458 INFO [main] org.apache.catalina.startup.VersionLoggerListener.log OS Version:            4.18.0-305.el8.x86_64
13-Mar-2022 18:04:03.458 INFO [main] org.apache.catalina.startup.VersionLoggerListener.log Architecture:          amd64
13-Mar-2022 18:04:03.458 INFO [main] org.apache.catalina.startup.VersionLoggerListener.log Java Home:             /usr/lib/jvm/java-1.8.0-openjdk-1.8.0.322.b06-2.el8_5.x86_64/jre
13-Mar-2022 18:04:03.458 INFO [main] org.apache.catalina.startup.VersionLoggerListener.log JVM Version:           1.8.0_322-b06
13-Mar-2022 18:04:03.458 INFO [main] org.apache.catalina.startup.VersionLoggerListener.log JVM Vendor:            Red Hat, Inc.
13-Mar-2022 18:04:03.458 INFO [main] org.apache.catalina.startup.VersionLoggerListener.log CATALINA_BASE:         /home/ec2-user/apache-tomcat-9.0.59
13-Mar-2022 18:04:03.458 INFO [main] org.apache.catalina.startup.VersionLoggerListener.log CATALINA_HOME:         /home/ec2-user/apache-tomcat-9.0.59
13-Mar-2022 18:04:03.464 INFO [main] org.apache.catalina.startup.VersionLoggerListener.log Command line argument: -Djava.util.logging.config.file=/home/ec2-user/apache-tomcat-9.0.59/conf/logging.properties
13-Mar-2022 18:04:03.464 INFO [main] org.apache.catalina.startup.VersionLoggerListener.log Command line argument: -Djava.util.logging.manager=org.apache.juli.ClassLoaderLogManager
13-Mar-2022 18:04:03.464 INFO [main] org.apache.catalina.startup.VersionLoggerListener.log Command line argument: -Djdk.tls.ephemeralDHKeySize=2048
13-Mar-2022 18:04:03.464 INFO [main] org.apache.catalina.startup.VersionLoggerListener.log Command line argument: -Djava.protocol.handler.pkgs=org.apache.catalina.webresources
13-Mar-2022 18:04:03.464 INFO [main] org.apache.catalina.startup.VersionLoggerListener.log Command line argument: -Dorg.apache.catalina.security.SecurityListener.UMASK=0027
13-Mar-2022 18:04:03.464 INFO [main] org.apache.catalina.startup.VersionLoggerListener.log Command line argument: -Dignore.endorsed.dirs=
13-Mar-2022 18:04:03.464 INFO [main] org.apache.catalina.startup.VersionLoggerListener.log Command line argument: -Dcatalina.base=/home/ec2-user/apache-tomcat-9.0.59
13-Mar-2022 18:04:03.464 INFO [main] org.apache.catalina.startup.VersionLoggerListener.log Command line argument: -Dcatalina.home=/home/ec2-user/apache-tomcat-9.0.59
13-Mar-2022 18:04:03.464 INFO [main] org.apache.catalina.startup.VersionLoggerListener.log Command line argument: -Djava.io.tmpdir=/home/ec2-user/apache-tomcat-9.0.59/temp
13-Mar-2022 18:04:03.466 INFO [main] org.apache.catalina.core.AprLifecycleListener.lifecycleEvent The Apache Tomcat Native library which allows using OpenSSL was not found on the java.library.path: [/usr/java/packages/lib/amd64:/usr/lib64:/lib64:/lib:/usr/lib]
13-Mar-2022 18:04:04.155 INFO [main] org.apache.coyote.AbstractProtocol.init Initializing ProtocolHandler ["http-nio-8090"]
13-Mar-2022 18:04:04.207 INFO [main] org.apache.catalina.startup.Catalina.load Server initialization in [1093] milliseconds
13-Mar-2022 18:04:04.287 INFO [main] org.apache.catalina.core.StandardService.startInternal Starting service [Catalina]
13-Mar-2022 18:04:04.287 INFO [main] org.apache.catalina.core.StandardEngine.startInternal Starting Servlet engine: [Apache Tomcat/9.0.59]
13-Mar-2022 18:04:04.295 INFO [main] org.apache.catalina.startup.HostConfig.deployDirectory Deploying web application directory [/home/ec2-user/apache-tomcat-9.0.59/webapps/ROOT]
13-Mar-2022 18:06:06.916 WARNING [main] org.apache.catalina.util.SessionIdGeneratorBase.createSecureRandom Creation of SecureRandom instance for session ID generation using [SHA1PRNG] took [354,836] milliseconds.
13-Mar-2022 18:06:06.962 INFO [main] org.apache.catalina.startup.HostConfig.deployDirectory Deployment of web application directory [/home/ec2-user/apache-tomcat-9.0.59/webapps/ROOT] has finished in [355,316] ms
13-Mar-2022 18:06:06.962 INFO [main] org.apache.catalina.startup.HostConfig.deployDirectory Deploying web application directory [/home/ec2-user/apache-tomcat-9.0.59/webapps/docs]
13-Mar-2022 18:06:07.008 INFO [main] org.apache.catalina.startup.HostConfig.deployDirectory Deployment of web application directory [/home/ec2-user/apache-tomcat-9.0.59/webapps/docs] has finished in [46] ms
13-Mar-2022 18:06:07.009 INFO [main] org.apache.catalina.startup.HostConfig.deployDirectory Deploying web application directory [/home/ec2-user/apache-tomcat-9.0.59/webapps/examples]
13-Mar-2022 18:06:07.456 INFO [main] org.apache.catalina.startup.HostConfig.deployDirectory Deployment of web application directory [/home/ec2-user/apache-tomcat-9.0.59/webapps/examples] has finished in [447] ms
13-Mar-2022 18:06:07.456 INFO [main] org.apache.catalina.startup.HostConfig.deployDirectory Deploying web application directory [/home/ec2-user/apache-tomcat-9.0.59/webapps/host-manager]
13-Mar-2022 18:06:07.506 INFO [main] org.apache.catalina.startup.HostConfig.deployDirectory Deployment of web application directory [/home/ec2-user/apache-tomcat-9.0.59/webapps/host-manager] has finished in [50] ms
13-Mar-2022 18:06:07.506 INFO [main] org.apache.catalina.startup.HostConfig.deployDirectory Deploying web application directory [/home/ec2-user/apache-tomcat-9.0.59/webapps/manager]
13-Mar-2022 18:06:07.537 INFO [main] org.apache.catalina.startup.HostConfig.deployDirectory Deployment of web application directory [/home/ec2-user/apache-tomcat-9.0.59/webapps/manager] has finished in [31] ms
13-Mar-2022 18:06:07.568 INFO [main] org.apache.catalina.startup.Catalina.start Server startup in [356009] milliseconds
13-Mar-2022 18:06:17.557 INFO [Catalina-utility-1] org.apache.catalina.users.MemoryUserDatabase.backgroundProcess Reloading memory user database [UserDatabase] from updated source [file:/home/ec2-user/apache-tomcat-9.0.59/conf/tomcat-users.xml]
13-Mar-2022 18:09:15.907 WARNING [main] org.apache.catalina.util.SessionIdGeneratorBase.createSecureRandom Creation of SecureRandom instance for session ID generation using [SHA1PRNG] took [311,145] milliseconds.
13-Mar-2022 18:09:15.942 INFO [main] org.apache.catalina.startup.HostConfig.deployDirectory Deployment of web application directory [/home/ec2-user/apache-tomcat-9.0.59/webapps/ROOT] has finished in [311,648] ms
13-Mar-2022 18:09:15.942 INFO [main] org.apache.catalina.startup.HostConfig.deployDirectory Deploying web application directory [/home/ec2-user/apache-tomcat-9.0.59/webapps/docs]
13-Mar-2022 18:09:15.980 INFO [main] org.apache.catalina.startup.HostConfig.deployDirectory Deployment of web application directory [/home/ec2-user/apache-tomcat-9.0.59/webapps/docs] has finished in [38] ms
13-Mar-2022 18:09:15.981 INFO [main] org.apache.catalina.startup.HostConfig.deployDirectory Deploying web application directory [/home/ec2-user/apache-tomcat-9.0.59/webapps/examples]
13-Mar-2022 18:09:16.416 INFO [main] org.apache.catalina.startup.HostConfig.deployDirectory Deployment of web application directory [/home/ec2-user/apache-tomcat-9.0.59/webapps/examples] has finished in [436] ms
13-Mar-2022 18:09:16.416 INFO [main] org.apache.catalina.startup.HostConfig.deployDirectory Deploying web application directory [/home/ec2-user/apache-tomcat-9.0.59/webapps/host-manager]
13-Mar-2022 18:09:16.463 INFO [main] org.apache.catalina.startup.HostConfig.deployDirectory Deployment of web application directory [/home/ec2-user/apache-tomcat-9.0.59/webapps/host-manager] has finished in [47] ms
13-Mar-2022 18:09:16.463 INFO [main] org.apache.catalina.startup.HostConfig.deployDirectory Deploying web application directory [/home/ec2-user/apache-tomcat-9.0.59/webapps/manager]
13-Mar-2022 18:09:16.500 INFO [main] org.apache.catalina.startup.HostConfig.deployDirectory Deployment of web application directory [/home/ec2-user/apache-tomcat-9.0.59/webapps/manager] has finished in [37] ms
13-Mar-2022 18:09:16.520 INFO [main] org.apache.coyote.AbstractProtocol.start Starting ProtocolHandler ["http-nio-8090"]
13-Mar-2022 18:09:16.622 INFO [main] org.apache.catalina.startup.Catalina.start Server startup in [312414] milliseconds
13-Mar-2022 18:09:16.624 SEVERE [main] org.apache.catalina.core.StandardServer.await Failed to create server shutdown socket on address [localhost] and port [8005] (base port [8005] and offset [0])
	java.net.BindException: Address already in use (Bind failed)
		at java.net.PlainSocketImpl.socketBind(Native Method)
		at java.net.AbstractPlainSocketImpl.bind(AbstractPlainSocketImpl.java:387)
		at java.net.ServerSocket.bind(ServerSocket.java:390)
		at java.net.ServerSocket.<init>(ServerSocket.java:252)
		at org.apache.catalina.core.StandardServer.await(StandardServer.java:577)
		at org.apache.catalina.startup.Catalina.await(Catalina.java:864)
		at org.apache.catalina.startup.Catalina.start(Catalina.java:810)
		at sun.reflect.NativeMethodAccessorImpl.invoke0(Native Method)
		at sun.reflect.NativeMethodAccessorImpl.invoke(NativeMethodAccessorImpl.java:62)
		at sun.reflect.DelegatingMethodAccessorImpl.invoke(DelegatingMethodAccessorImpl.java:43)
		at java.lang.reflect.Method.invoke(Method.java:498)
		at org.apache.catalina.startup.Bootstrap.start(Bootstrap.java:345)
		at org.apache.catalina.startup.Bootstrap.main(Bootstrap.java:476)
13-Mar-2022 18:09:16.625 INFO [main] org.apache.coyote.AbstractProtocol.pause Pausing ProtocolHandler ["http-nio-8090"]
13-Mar-2022 18:09:16.625 INFO [main] org.apache.catalina.core.StandardService.stopInternal Stopping service [Catalina]
13-Mar-2022 18:09:16.665 INFO [main] org.apache.coyote.AbstractProtocol.stop Stopping ProtocolHandler ["http-nio-8090"]
13-Mar-2022 18:09:16.685 INFO [main] org.apache.coyote.AbstractProtocol.destroy Destroying ProtocolHandler ["http-nio-8090"]
13-Mar-2022 18:12:04.971 INFO [Thread-3] org.apache.coyote.AbstractProtocol.pause Pausing ProtocolHandler ["http-nio-8090"]
13-Mar-2022 18:12:04.973 INFO [Thread-3] org.apache.catalina.core.StandardService.stopInternal Stopping service [Catalina]
13-Mar-2022 18:12:05.079 INFO [Thread-3] org.apache.coyote.AbstractProtocol.stop Stopping ProtocolHandler ["http-nio-8090"]
13-Mar-2022 18:12:05.082 INFO [Thread-3] org.apache.coyote.AbstractProtocol.destroy Destroying ProtocolHandler ["http-nio-8090"]
13-Mar-2022 18:13:34.223 INFO [main] org.apache.catalina.startup.VersionLoggerListener.log Server version name:   Apache Tomcat/9.0.59
13-Mar-2022 18:13:34.237 INFO [main] org.apache.catalina.startup.VersionLoggerListener.log Server built:          Feb 21 2022 21:01:10 UTC
13-Mar-2022 18:13:34.237 INFO [main] org.apache.catalina.startup.VersionLoggerListener.log Server version number: 9.0.59.0
13-Mar-2022 18:13:34.237 INFO [main] org.apache.catalina.startup.VersionLoggerListener.log OS Name:               Linux
13-Mar-2022 18:13:34.237 INFO [main] org.apache.catalina.startup.VersionLoggerListener.log OS Version:            4.18.0-305.el8.x86_64
13-Mar-2022 18:13:34.237 INFO [main] org.apache.catalina.startup.VersionLoggerListener.log Architecture:          amd64
13-Mar-2022 18:13:34.237 INFO [main] org.apache.catalina.startup.VersionLoggerListener.log Java Home:             /usr/lib/jvm/java-1.8.0-openjdk-1.8.0.322.b06-2.el8_5.x86_64/jre
13-Mar-2022 18:13:34.237 INFO [main] org.apache.catalina.startup.VersionLoggerListener.log JVM Version:           1.8.0_322-b06
13-Mar-2022 18:13:34.237 INFO [main] org.apache.catalina.startup.VersionLoggerListener.log JVM Vendor:            Red Hat, Inc.
13-Mar-2022 18:13:34.237 INFO [main] org.apache.catalina.startup.VersionLoggerListener.log CATALINA_BASE:         /home/ec2-user/apache-tomcat-9.0.59
13-Mar-2022 18:13:34.237 INFO [main] org.apache.catalina.startup.VersionLoggerListener.log CATALINA_HOME:         /home/ec2-user/apache-tomcat-9.0.59
13-Mar-2022 18:13:34.254 INFO [main] org.apache.catalina.startup.VersionLoggerListener.log Command line argument: -Djava.util.logging.config.file=/home/ec2-user/apache-tomcat-9.0.59/conf/logging.properties
13-Mar-2022 18:13:34.254 INFO [main] org.apache.catalina.startup.VersionLoggerListener.log Command line argument: -Djava.util.logging.manager=org.apache.juli.ClassLoaderLogManager
13-Mar-2022 18:13:34.254 INFO [main] org.apache.catalina.startup.VersionLoggerListener.log Command line argument: -Djdk.tls.ephemeralDHKeySize=2048
13-Mar-2022 18:13:34.254 INFO [main] org.apache.catalina.startup.VersionLoggerListener.log Command line argument: -Djava.protocol.handler.pkgs=org.apache.catalina.webresources
13-Mar-2022 18:13:34.254 INFO [main] org.apache.catalina.startup.VersionLoggerListener.log Command line argument: -Dorg.apache.catalina.security.SecurityListener.UMASK=0027
13-Mar-2022 18:13:34.254 INFO [main] org.apache.catalina.startup.VersionLoggerListener.log Command line argument: -Dignore.endorsed.dirs=
13-Mar-2022 18:13:34.255 INFO [main] org.apache.catalina.startup.VersionLoggerListener.log Command line argument: -Dcatalina.base=/home/ec2-user/apache-tomcat-9.0.59
13-Mar-2022 18:13:34.255 INFO [main] org.apache.catalina.startup.VersionLoggerListener.log Command line argument: -Dcatalina.home=/home/ec2-user/apache-tomcat-9.0.59
13-Mar-2022 18:13:34.255 INFO [main] org.apache.catalina.startup.VersionLoggerListener.log Command line argument: -Djava.io.tmpdir=/home/ec2-user/apache-tomcat-9.0.59/temp
13-Mar-2022 18:13:34.258 INFO [main] org.apache.catalina.core.AprLifecycleListener.lifecycleEvent The Apache Tomcat Native library which allows using OpenSSL was not found on the java.library.path: [/usr/java/packages/lib/amd64:/usr/lib64:/lib64:/lib:/usr/lib]
13-Mar-2022 18:13:35.074 INFO [main] org.apache.coyote.AbstractProtocol.init Initializing ProtocolHandler ["http-nio-8090"]
13-Mar-2022 18:13:35.130 INFO [main] org.apache.catalina.startup.Catalina.load Server initialization in [1266] milliseconds
13-Mar-2022 18:13:35.198 INFO [main] org.apache.catalina.core.StandardService.startInternal Starting service [Catalina]
13-Mar-2022 18:13:35.199 INFO [main] org.apache.catalina.core.StandardEngine.startInternal Starting Servlet engine: [Apache Tomcat/9.0.59]
13-Mar-2022 18:13:35.221 INFO [main] org.apache.catalina.startup.HostConfig.deployDirectory Deploying web application directory [/home/ec2-user/apache-tomcat-9.0.59/webapps/ROOT]
13-Mar-2022 18:13:35.724 INFO [main] org.apache.catalina.startup.HostConfig.deployDirectory Deployment of web application directory [/home/ec2-user/apache-tomcat-9.0.59/webapps/ROOT] has finished in [502] ms
13-Mar-2022 18:13:35.724 INFO [main] org.apache.catalina.startup.HostConfig.deployDirectory Deploying web application directory [/home/ec2-user/apache-tomcat-9.0.59/webapps/docs]
13-Mar-2022 18:13:35.750 INFO [main] org.apache.catalina.startup.HostConfig.deployDirectory Deployment of web application directory [/home/ec2-user/apache-tomcat-9.0.59/webapps/docs] has finished in [26] ms
13-Mar-2022 18:13:35.751 INFO [main] org.apache.catalina.startup.HostConfig.deployDirectory Deploying web application directory [/home/ec2-user/apache-tomcat-9.0.59/webapps/examples]
13-Mar-2022 18:13:36.439 INFO [main] org.apache.catalina.startup.HostConfig.deployDirectory Deployment of web application directory [/home/ec2-user/apache-tomcat-9.0.59/webapps/examples] has finished in [688] ms
13-Mar-2022 18:13:36.439 INFO [main] org.apache.catalina.startup.HostConfig.deployDirectory Deploying web application directory [/home/ec2-user/apache-tomcat-9.0.59/webapps/host-manager]
13-Mar-2022 18:13:36.458 INFO [main] org.apache.catalina.startup.HostConfig.deployDirectory Deployment of web application directory [/home/ec2-user/apache-tomcat-9.0.59/webapps/host-manager] has finished in [18] ms
13-Mar-2022 18:13:36.458 INFO [main] org.apache.catalina.startup.HostConfig.deployDirectory Deploying web application directory [/home/ec2-user/apache-tomcat-9.0.59/webapps/manager]
13-Mar-2022 18:13:36.514 INFO [main] org.apache.catalina.startup.HostConfig.deployDirectory Deployment of web application directory [/home/ec2-user/apache-tomcat-9.0.59/webapps/manager] has finished in [56] ms
13-Mar-2022 18:13:36.542 INFO [main] org.apache.coyote.AbstractProtocol.start Starting ProtocolHandler ["http-nio-8090"]
13-Mar-2022 18:13:36.557 INFO [main] org.apache.catalina.startup.Catalina.start Server startup in [1427] milliseconds
13-Mar-2022 18:23:06.635 INFO [Catalina-utility-2] org.apache.catalina.startup.HostConfig.deployWAR Deploying web application archive [/home/ec2-user/apache-tomcat-9.0.59/webapps/works-with-heroku-1.0.war]
13-Mar-2022 18:23:06.699 INFO [Catalina-utility-2] org.apache.catalina.startup.HostConfig.deployWAR Deployment of web application archive [/home/ec2-user/apache-tomcat-9.0.59/webapps/works-with-heroku-1.0.war] has finished in [64] ms
13-Mar-2022 18:23:31.928 INFO [main] org.apache.catalina.startup.VersionLoggerListener.log Server version name:   Apache Tomcat/9.0.59
13-Mar-2022 18:23:31.930 INFO [main] org.apache.catalina.startup.VersionLoggerListener.log Server built:          Feb 21 2022 21:01:10 UTC
13-Mar-2022 18:23:31.930 INFO [main] org.apache.catalina.startup.VersionLoggerListener.log Server version number: 9.0.59.0
13-Mar-2022 18:23:31.930 INFO [main] org.apache.catalina.startup.VersionLoggerListener.log OS Name:               Linux
13-Mar-2022 18:23:31.930 INFO [main] org.apache.catalina.startup.VersionLoggerListener.log OS Version:            4.18.0-305.el8.x86_64
13-Mar-2022 18:23:31.930 INFO [main] org.apache.catalina.startup.VersionLoggerListener.log Architecture:          amd64
13-Mar-2022 18:23:31.931 INFO [main] org.apache.catalina.startup.VersionLoggerListener.log Java Home:             /usr/lib/jvm/java-1.8.0-openjdk-1.8.0.322.b06-2.el8_5.x86_64/jre
13-Mar-2022 18:23:31.931 INFO [main] org.apache.catalina.startup.VersionLoggerListener.log JVM Version:           1.8.0_322-b06
13-Mar-2022 18:23:31.931 INFO [main] org.apache.catalina.startup.VersionLoggerListener.log JVM Vendor:            Red Hat, Inc.
13-Mar-2022 18:23:31.931 INFO [main] org.apache.catalina.startup.VersionLoggerListener.log CATALINA_BASE:         /home/ec2-user/apache-tomcat-9.0.59
13-Mar-2022 18:23:31.931 INFO [main] org.apache.catalina.startup.VersionLoggerListener.log CATALINA_HOME:         /home/ec2-user/apache-tomcat-9.0.59
13-Mar-2022 18:23:31.958 INFO [main] org.apache.catalina.startup.VersionLoggerListener.log Command line argument: -Djava.util.logging.config.file=/home/ec2-user/apache-tomcat-9.0.59/conf/logging.properties
13-Mar-2022 18:23:31.958 INFO [main] org.apache.catalina.startup.VersionLoggerListener.log Command line argument: -Djava.util.logging.manager=org.apache.juli.ClassLoaderLogManager
13-Mar-2022 18:23:31.958 INFO [main] org.apache.catalina.startup.VersionLoggerListener.log Command line argument: -Djdk.tls.ephemeralDHKeySize=2048
13-Mar-2022 18:23:31.958 INFO [main] org.apache.catalina.startup.VersionLoggerListener.log Command line argument: -Djava.protocol.handler.pkgs=org.apache.catalina.webresources
13-Mar-2022 18:23:31.958 INFO [main] org.apache.catalina.startup.VersionLoggerListener.log Command line argument: -Dorg.apache.catalina.security.SecurityListener.UMASK=0027
13-Mar-2022 18:23:31.958 INFO [main] org.apache.catalina.startup.VersionLoggerListener.log Command line argument: -Dignore.endorsed.dirs=
13-Mar-2022 18:23:31.958 INFO [main] org.apache.catalina.startup.VersionLoggerListener.log Command line argument: -Dcatalina.base=/home/ec2-user/apache-tomcat-9.0.59
13-Mar-2022 18:23:31.958 INFO [main] org.apache.catalina.startup.VersionLoggerListener.log Command line argument: -Dcatalina.home=/home/ec2-user/apache-tomcat-9.0.59
13-Mar-2022 18:23:31.958 INFO [main] org.apache.catalina.startup.VersionLoggerListener.log Command line argument: -Djava.io.tmpdir=/home/ec2-user/apache-tomcat-9.0.59/temp
13-Mar-2022 18:23:31.960 INFO [main] org.apache.catalina.core.AprLifecycleListener.lifecycleEvent The Apache Tomcat Native library which allows using OpenSSL was not found on the java.library.path: [/usr/java/packages/lib/amd64:/usr/lib64:/lib64:/lib:/usr/lib]
13-Mar-2022 18:23:32.648 INFO [main] org.apache.coyote.AbstractProtocol.init Initializing ProtocolHandler ["http-nio-8090"]
13-Mar-2022 18:23:32.671 SEVERE [main] org.apache.catalina.util.LifecycleBase.handleSubClassException Failed to initialize component [Connector[HTTP/1.1-8090]]
	org.apache.catalina.LifecycleException: Protocol handler initialization failed
		at org.apache.catalina.connector.Connector.initInternal(Connector.java:1049)
		at org.apache.catalina.util.LifecycleBase.init(LifecycleBase.java:136)
		at org.apache.catalina.core.StandardService.initInternal(StandardService.java:556)
		at org.apache.catalina.util.LifecycleBase.init(LifecycleBase.java:136)
		at org.apache.catalina.core.StandardServer.initInternal(StandardServer.java:1042)
		at org.apache.catalina.util.LifecycleBase.init(LifecycleBase.java:136)
		at org.apache.catalina.startup.Catalina.load(Catalina.java:724)
		at org.apache.catalina.startup.Catalina.load(Catalina.java:746)
		at sun.reflect.NativeMethodAccessorImpl.invoke0(Native Method)
		at sun.reflect.NativeMethodAccessorImpl.invoke(NativeMethodAccessorImpl.java:62)
		at sun.reflect.DelegatingMethodAccessorImpl.invoke(DelegatingMethodAccessorImpl.java:43)
		at java.lang.reflect.Method.invoke(Method.java:498)
		at org.apache.catalina.startup.Bootstrap.load(Bootstrap.java:305)
		at org.apache.catalina.startup.Bootstrap.main(Bootstrap.java:475)
	Caused by: java.net.BindException: Address already in use
		at sun.nio.ch.Net.bind0(Native Method)
		at sun.nio.ch.Net.bind(Net.java:461)
		at sun.nio.ch.Net.bind(Net.java:453)
		at sun.nio.ch.ServerSocketChannelImpl.bind(ServerSocketChannelImpl.java:222)
		at org.apache.tomcat.util.net.NioEndpoint.initServerSocket(NioEndpoint.java:274)
		at org.apache.tomcat.util.net.NioEndpoint.bind(NioEndpoint.java:229)
		at org.apache.tomcat.util.net.AbstractEndpoint.bindWithCleanup(AbstractEndpoint.java:1227)
		at org.apache.tomcat.util.net.AbstractEndpoint.init(AbstractEndpoint.java:1240)
		at org.apache.coyote.AbstractProtocol.init(AbstractProtocol.java:603)
		at org.apache.coyote.http11.AbstractHttp11Protocol.init(AbstractHttp11Protocol.java:80)
		at org.apache.catalina.connector.Connector.initInternal(Connector.java:1046)
		... 13 more
13-Mar-2022 18:23:32.672 INFO [main] org.apache.catalina.startup.Catalina.load Server initialization in [1089] milliseconds
13-Mar-2022 18:23:32.742 INFO [main] org.apache.catalina.core.StandardService.startInternal Starting service [Catalina]
13-Mar-2022 18:23:32.742 INFO [main] org.apache.catalina.core.StandardEngine.startInternal Starting Servlet engine: [Apache Tomcat/9.0.59]
13-Mar-2022 18:23:32.789 INFO [main] org.apache.catalina.startup.HostConfig.deployWAR Deploying web application archive [/home/ec2-user/apache-tomcat-9.0.59/webapps/works-with-heroku-1.0.war]
13-Mar-2022 18:23:33.318 INFO [main] org.apache.catalina.startup.HostConfig.deployWAR Deployment of web application archive [/home/ec2-user/apache-tomcat-9.0.59/webapps/works-with-heroku-1.0.war] has finished in [542] ms
13-Mar-2022 18:23:33.318 INFO [main] org.apache.catalina.startup.HostConfig.deployDirectory Deploying web application directory [/home/ec2-user/apache-tomcat-9.0.59/webapps/ROOT]
13-Mar-2022 18:23:33.351 INFO [main] org.apache.catalina.startup.HostConfig.deployDirectory Deployment of web application directory [/home/ec2-user/apache-tomcat-9.0.59/webapps/ROOT] has finished in [33] ms
13-Mar-2022 18:23:33.351 INFO [main] org.apache.catalina.startup.HostConfig.deployDirectory Deploying web application directory [/home/ec2-user/apache-tomcat-9.0.59/webapps/docs]
13-Mar-2022 18:23:33.397 INFO [main] org.apache.catalina.startup.HostConfig.deployDirectory Deployment of web application directory [/home/ec2-user/apache-tomcat-9.0.59/webapps/docs] has finished in [46] ms
13-Mar-2022 18:23:33.398 INFO [main] org.apache.catalina.startup.HostConfig.deployDirectory Deploying web application directory [/home/ec2-user/apache-tomcat-9.0.59/webapps/examples]
13-Mar-2022 18:23:34.075 INFO [main] org.apache.catalina.startup.HostConfig.deployDirectory Deployment of web application directory [/home/ec2-user/apache-tomcat-9.0.59/webapps/examples] has finished in [677] ms
13-Mar-2022 18:23:34.075 INFO [main] org.apache.catalina.startup.HostConfig.deployDirectory Deploying web application directory [/home/ec2-user/apache-tomcat-9.0.59/webapps/host-manager]
13-Mar-2022 18:23:34.110 INFO [main] org.apache.catalina.startup.HostConfig.deployDirectory Deployment of web application directory [/home/ec2-user/apache-tomcat-9.0.59/webapps/host-manager] has finished in [35] ms
13-Mar-2022 18:23:34.110 INFO [main] org.apache.catalina.startup.HostConfig.deployDirectory Deploying web application directory [/home/ec2-user/apache-tomcat-9.0.59/webapps/manager]
13-Mar-2022 18:23:34.150 INFO [main] org.apache.catalina.startup.HostConfig.deployDirectory Deployment of web application directory [/home/ec2-user/apache-tomcat-9.0.59/webapps/manager] has finished in [40] ms
13-Mar-2022 18:23:34.178 INFO [main] org.apache.catalina.startup.Catalina.start Server startup in [1505] milliseconds
13-Mar-2022 18:23:34.180 SEVERE [main] org.apache.catalina.core.StandardServer.await Failed to create server shutdown socket on address [localhost] and port [8005] (base port [8005] and offset [0])
	java.net.BindException: Address already in use (Bind failed)
		at java.net.PlainSocketImpl.socketBind(Native Method)
		at java.net.AbstractPlainSocketImpl.bind(AbstractPlainSocketImpl.java:387)
		at java.net.ServerSocket.bind(ServerSocket.java:390)
		at java.net.ServerSocket.<init>(ServerSocket.java:252)
		at org.apache.catalina.core.StandardServer.await(StandardServer.java:577)
		at org.apache.catalina.startup.Catalina.await(Catalina.java:864)
		at org.apache.catalina.startup.Catalina.start(Catalina.java:810)
		at sun.reflect.NativeMethodAccessorImpl.invoke0(Native Method)
		at sun.reflect.NativeMethodAccessorImpl.invoke(NativeMethodAccessorImpl.java:62)
		at sun.reflect.DelegatingMethodAccessorImpl.invoke(DelegatingMethodAccessorImpl.java:43)
		at java.lang.reflect.Method.invoke(Method.java:498)
		at org.apache.catalina.startup.Bootstrap.start(Bootstrap.java:345)
		at org.apache.catalina.startup.Bootstrap.main(Bootstrap.java:476)
13-Mar-2022 18:23:34.180 INFO [main] org.apache.coyote.AbstractProtocol.pause Pausing ProtocolHandler ["http-nio-8090"]
13-Mar-2022 18:23:34.180 INFO [main] org.apache.catalina.core.StandardService.stopInternal Stopping service [Catalina]
13-Mar-2022 18:23:34.212 INFO [main] org.apache.coyote.AbstractProtocol.stop Stopping ProtocolHandler ["http-nio-8090"]
13-Mar-2022 18:23:34.213 INFO [main] org.apache.coyote.AbstractProtocol.destroy Destroying ProtocolHandler ["http-nio-8090"]
13-Mar-2022 18:41:52.234 INFO [Thread-3] org.apache.coyote.AbstractProtocol.pause Pausing ProtocolHandler ["http-nio-8090"]
13-Mar-2022 18:41:52.247 INFO [Thread-3] org.apache.catalina.core.StandardService.stopInternal Stopping service [Catalina]
13-Mar-2022 18:41:52.375 INFO [Thread-3] org.apache.coyote.AbstractProtocol.stop Stopping ProtocolHandler ["http-nio-8090"]
13-Mar-2022 18:41:52.384 INFO [Thread-3] org.apache.coyote.AbstractProtocol.destroy Destroying ProtocolHandler ["http-nio-8090"]
